1754625279.478224 client started (73065): version 3.5a, socket /tmp/tmux-1000/default, protocol 8
1754625279.478253 on Linux 6.12.40 #1-NixOS SMP PREEMPT_DYNAMIC Thu Jul 24 06:56:38 UTC 2025
1754625279.478255 using libevent 2.1.12-stable poll
1754625279.478260 using utf8proc 2.10.0
1754625279.478261 using ncurses 6.5 20240427
1754625279.478269 flags are 0x10010000
1754625279.478279 socket is /tmp/tmux-1000/default
1754625279.478289 trying connect
1754625279.478343 add peer 0x519020: 6 ((nil))
1754625279.478723 sending message 111 to peer 0x519020 (8 bytes)
1754625279.478747 sending message 111 to peer 0x519020 (8 bytes)
1754625279.478761 sending message 101 to peer 0x519020 (16 bytes)
1754625279.478773 sending message 109 to peer 0x519020 (4 bytes)
1754625279.478786 sending message 102 to peer 0x519020 (11 bytes)
1754625279.478798 sending message 108 to peer 0x519020 (25 bytes)
1754625279.478810 sending message 112 to peer 0x519020 (70 bytes)
1754625279.478823 sending message 112 to peer 0x519020 (5 bytes)
1754625279.478835 sending message 112 to peer 0x519020 (5 bytes)
1754625279.478847 sending message 112 to peer 0x519020 (6 bytes)
1754625279.478859 sending message 112 to peer 0x519020 (6 bytes)
1754625279.478871 sending message 112 to peer 0x519020 (11 bytes)
1754625279.478883 sending message 112 to peer 0x519020 (10 bytes)
1754625279.478895 sending message 112 to peer 0x519020 (13 bytes)
1754625279.478907 sending message 112 to peer 0x519020 (13 bytes)
1754625279.478919 sending message 112 to peer 0x519020 (18 bytes)
1754625279.478932 sending message 112 to peer 0x519020 (11 bytes)
1754625279.478977 sending message 112 to peer 0x519020 (21 bytes)
1754625279.478990 sending message 112 to peer 0x519020 (13 bytes)
1754625279.479003 sending message 112 to peer 0x519020 (7 bytes)
1754625279.479029 sending message 112 to peer 0x519020 (13 bytes)
1754625279.479041 sending message 112 to peer 0x519020 (7 bytes)
1754625279.479054 sending message 112 to peer 0x519020 (13 bytes)
1754625279.479066 sending message 112 to peer 0x519020 (9 bytes)
1754625279.479078 sending message 112 to peer 0x519020 (21 bytes)
1754625279.479090 sending message 112 to peer 0x519020 (13 bytes)
1754625279.479102 sending message 112 to peer 0x519020 (8 bytes)
1754625279.479115 sending message 112 to peer 0x519020 (12 bytes)
1754625279.479127 sending message 112 to peer 0x519020 (13 bytes)
1754625279.479139 sending message 112 to peer 0x519020 (9 bytes)
1754625279.479152 sending message 112 to peer 0x519020 (9 bytes)
1754625279.479164 sending message 112 to peer 0x519020 (12 bytes)
1754625279.479176 sending message 112 to peer 0x519020 (8 bytes)
1754625279.479188 sending message 112 to peer 0x519020 (7 bytes)
1754625279.479201 sending message 112 to peer 0x519020 (7 bytes)
1754625279.479213 sending message 112 to peer 0x519020 (9 bytes)
1754625279.479225 sending message 112 to peer 0x519020 (13 bytes)
1754625279.479237 sending message 112 to peer 0x519020 (9 bytes)
1754625279.479249 sending message 112 to peer 0x519020 (15 bytes)
1754625279.479261 sending message 112 to peer 0x519020 (13 bytes)
1754625279.479273 sending message 112 to peer 0x519020 (12 bytes)
1754625279.479285 sending message 112 to peer 0x519020 (8 bytes)
1754625279.479297 sending message 112 to peer 0x519020 (14 bytes)
1754625279.479309 sending message 112 to peer 0x519020 (9 bytes)
1754625279.479321 sending message 112 to peer 0x519020 (10 bytes)
1754625279.479333 sending message 112 to peer 0x519020 (10 bytes)
1754625279.479345 sending message 112 to peer 0x519020 (10 bytes)
1754625279.479357 sending message 112 to peer 0x519020 (10 bytes)
1754625279.479370 sending message 112 to peer 0x519020 (11 bytes)
1754625279.479382 sending message 112 to peer 0x519020 (10 bytes)
1754625279.479394 sending message 112 to peer 0x519020 (8 bytes)
1754625279.479406 sending message 112 to peer 0x519020 (11 bytes)
1754625279.479418 sending message 112 to peer 0x519020 (11 bytes)
1754625279.479431 sending message 112 to peer 0x519020 (11 bytes)
1754625279.479443 sending message 112 to peer 0x519020 (8 bytes)
1754625279.479488 sending message 112 to peer 0x519020 (8 bytes)
1754625279.479501 sending message 112 to peer 0x519020 (8 bytes)
1754625279.479514 sending message 112 to peer 0x519020 (10 bytes)
1754625279.479526 sending message 112 to peer 0x519020 (10 bytes)
1754625279.479539 sending message 112 to peer 0x519020 (10 bytes)
1754625279.479551 sending message 112 to peer 0x519020 (10 bytes)
1754625279.479564 sending message 112 to peer 0x519020 (10 bytes)
1754625279.479576 sending message 112 to peer 0x519020 (11 bytes)
1754625279.479589 sending message 112 to peer 0x519020 (11 bytes)
1754625279.479601 sending message 112 to peer 0x519020 (10 bytes)
1754625279.479613 sending message 112 to peer 0x519020 (9 bytes)
1754625279.479625 sending message 112 to peer 0x519020 (9 bytes)
1754625279.479637 sending message 112 to peer 0x519020 (12 bytes)
1754625279.479650 sending message 112 to peer 0x519020 (9 bytes)
1754625279.479662 sending message 112 to peer 0x519020 (6 bytes)
1754625279.479674 sending message 112 to peer 0x519020 (13 bytes)
1754625279.479687 sending message 112 to peer 0x519020 (8 bytes)
1754625279.479700 sending message 112 to peer 0x519020 (15 bytes)
1754625279.479712 sending message 112 to peer 0x519020 (13 bytes)
1754625279.479725 sending message 112 to peer 0x519020 (70 bytes)
1754625279.479737 sending message 112 to peer 0x519020 (69 bytes)
1754625279.479750 sending message 112 to peer 0x519020 (10 bytes)
1754625279.479762 sending message 112 to peer 0x519020 (8 bytes)
1754625279.479775 sending message 112 to peer 0x519020 (15 bytes)
1754625279.479787 sending message 112 to peer 0x519020 (13 bytes)
1754625279.479800 sending message 112 to peer 0x519020 (10 bytes)
1754625279.479812 sending message 112 to peer 0x519020 (10 bytes)
1754625279.479824 sending message 112 to peer 0x519020 (5 bytes)
1754625279.479836 sending message 112 to peer 0x519020 (15 bytes)
1754625279.479852 sending message 104 to peer 0x519020 (0 bytes)
1754625279.479869 sending message 110 to peer 0x519020 (0 bytes)
1754625279.479885 sending message 107 to peer 0x519020 (4 bytes)
1754625279.479898 sending message 105 to peer 0x519020 (6 bytes)
1754625279.479910 sending message 105 to peer 0x519020 (17 bytes)
1754625279.479923 sending message 105 to peer 0x519020 (6 bytes)
1754625279.479935 sending message 105 to peer 0x519020 (17 bytes)
1754625279.479971 sending message 105 to peer 0x519020 (7 bytes)
1754625279.479995 sending message 105 to peer 0x519020 (20 bytes)
1754625279.480008 sending message 105 to peer 0x519020 (20 bytes)
1754625279.480020 sending message 105 to peer 0x519020 (78 bytes)
1754625279.480034 sending message 105 to peer 0x519020 (79 bytes)
1754625279.480046 sending message 105 to peer 0x519020 (8 bytes)
1754625279.480059 sending message 105 to peer 0x519020 (23 bytes)
1754625279.480072 sending message 105 to peer 0x519020 (54 bytes)
1754625279.480085 sending message 105 to peer 0x519020 (25 bytes)
1754625279.480097 sending message 105 to peer 0x519020 (11 bytes)
1754625279.480109 sending message 105 to peer 0x519020 (12 bytes)
1754625279.480122 sending message 105 to peer 0x519020 (23 bytes)
1754625279.480134 sending message 105 to peer 0x519020 (20 bytes)
1754625279.480146 sending message 105 to peer 0x519020 (21 bytes)
1754625279.480159 sending message 105 to peer 0x519020 (208 bytes)
1754625279.480173 sending message 105 to peer 0x519020 (167 bytes)
1754625279.480186 sending message 105 to peer 0x519020 (37 bytes)
1754625279.480199 sending message 105 to peer 0x519020 (14 bytes)
1754625279.480212 sending message 105 to peer 0x519020 (696 bytes)
1754625279.480225 sending message 105 to peer 0x519020 (64 bytes)
1754625279.480238 sending message 105 to peer 0x519020 (17 bytes)
1754625279.480251 sending message 105 to peer 0x519020 (1262 bytes)
1754625279.480331 sending message 105 to peer 0x519020 (51 bytes)
1754625279.480344 sending message 105 to peer 0x519020 (91 bytes)
1754625279.480358 sending message 105 to peer 0x519020 (419 bytes)
1754625279.480371 sending message 105 to peer 0x519020 (20 bytes)
1754625279.480383 sending message 105 to peer 0x519020 (90 bytes)
1754625279.480419 sending message 105 to peer 0x519020 (16 bytes)
1754625279.480433 sending message 105 to peer 0x519020 (60 bytes)
1754625279.480445 sending message 105 to peer 0x519020 (18 bytes)
1754625279.480458 sending message 105 to peer 0x519020 (17 bytes)
1754625279.480470 sending message 105 to peer 0x519020 (23 bytes)
1754625279.480483 sending message 105 to peer 0x519020 (30 bytes)
1754625279.480496 sending message 105 to peer 0x519020 (27 bytes)
1754625279.480508 sending message 105 to peer 0x519020 (24 bytes)
1754625279.480520 sending message 105 to peer 0x519020 (20 bytes)
1754625279.480533 sending message 105 to peer 0x519020 (23 bytes)
1754625279.480545 sending message 105 to peer 0x519020 (21 bytes)
1754625279.480557 sending message 105 to peer 0x519020 (25 bytes)
1754625279.480569 sending message 105 to peer 0x519020 (20 bytes)
1754625279.480582 sending message 105 to peer 0x519020 (6 bytes)
1754625279.480595 sending message 105 to peer 0x519020 (17 bytes)
1754625279.480608 sending message 105 to peer 0x519020 (84 bytes)
1754625279.480621 sending message 105 to peer 0x519020 (8 bytes)
1754625279.480633 sending message 105 to peer 0x519020 (72 bytes)
1754625279.480647 sending message 105 to peer 0x519020 (218 bytes)
1754625279.480660 sending message 105 to peer 0x519020 (64 bytes)
1754625279.480673 sending message 105 to peer 0x519020 (112 bytes)
1754625279.480685 sending message 105 to peer 0x519020 (14 bytes)
1754625279.480698 sending message 105 to peer 0x519020 (32 bytes)
1754625279.480711 sending message 105 to peer 0x519020 (1917 bytes)
1754625279.480728 sending message 105 to peer 0x519020 (68 bytes)
1754625279.480741 sending message 105 to peer 0x519020 (21 bytes)
1754625279.480753 sending message 105 to peer 0x519020 (17 bytes)
1754625279.480765 sending message 105 to peer 0x519020 (43 bytes)
1754625279.480778 sending message 105 to peer 0x519020 (79 bytes)
1754625279.480791 sending message 105 to peer 0x519020 (90 bytes)
1754625279.480802 sending message 105 to peer 0x519020 (60 bytes)
1754625279.480811 sending message 105 to peer 0x519020 (62 bytes)
1754625279.480820 sending message 105 to peer 0x519020 (19 bytes)
1754625279.480829 sending message 105 to peer 0x519020 (36 bytes)
1754625279.480838 sending message 105 to peer 0x519020 (79 bytes)
1754625279.480848 sending message 105 to peer 0x519020 (83 bytes)
1754625279.480857 sending message 105 to peer 0x519020 (54 bytes)
1754625279.480866 sending message 105 to peer 0x519020 (56 bytes)
1754625279.480876 sending message 105 to peer 0x519020 (223 bytes)
1754625279.480885 sending message 105 to peer 0x519020 (209 bytes)
1754625279.480894 sending message 105 to peer 0x519020 (24 bytes)
1754625279.480900 sending message 105 to peer 0x519020 (69 bytes)
1754625279.480906 sending message 105 to peer 0x519020 (131 bytes)
1754625279.480910 sending message 105 to peer 0x519020 (65 bytes)
1754625279.480913 sending message 105 to peer 0x519020 (76 bytes)
1754625279.480915 sending message 105 to peer 0x519020 (170 bytes)
1754625279.480917 sending message 105 to peer 0x519020 (21 bytes)
1754625279.480920 sending message 105 to peer 0x519020 (58 bytes)
1754625279.480923 sending message 105 to peer 0x519020 (85 bytes)
1754625279.480926 sending message 105 to peer 0x519020 (6 bytes)
1754625279.480928 sending message 105 to peer 0x519020 (17 bytes)
1754625279.480929 sending message 105 to peer 0x519020 (15 bytes)
1754625279.480931 sending message 105 to peer 0x519020 (16 bytes)
1754625279.480932 sending message 105 to peer 0x519020 (27 bytes)
1754625279.480933 sending message 105 to peer 0x519020 (16 bytes)
1754625279.480935 sending message 105 to peer 0x519020 (27 bytes)
1754625279.480936 sending message 105 to peer 0x519020 (32 bytes)
1754625279.480938 sending message 105 to peer 0x519020 (176 bytes)
1754625279.480939 sending message 105 to peer 0x519020 (52 bytes)
1754625279.480941 sending message 105 to peer 0x519020 (23 bytes)
1754625279.480942 sending message 105 to peer 0x519020 (11 bytes)
1754625279.480947 sending message 105 to peer 0x519020 (1900 bytes)
1754625279.480952 sending message 105 to peer 0x519020 (29 bytes)
1754625279.480954 sending message 105 to peer 0x519020 (304 bytes)
1754625279.480955 sending message 105 to peer 0x519020 (30 bytes)
1754625279.480957 sending message 105 to peer 0x519020 (27 bytes)
1754625279.480958 sending message 105 to peer 0x519020 (14 bytes)
1754625279.480959 sending message 105 to peer 0x519020 (25 bytes)
1754625279.480961 sending message 105 to peer 0x519020 (16 bytes)
1754625279.480962 sending message 105 to peer 0x519020 (27 bytes)
1754625279.480964 sending message 105 to peer 0x519020 (66 bytes)
1754625279.480965 sending message 105 to peer 0x519020 (8 bytes)
1754625279.480967 sending message 105 to peer 0x519020 (10 bytes)
1754625279.480968 sending message 105 to peer 0x519020 (21 bytes)
1754625279.480969 sending message 105 to peer 0x519020 (28 bytes)
1754625279.480971 sending message 105 to peer 0x519020 (104 bytes)
1754625279.480972 sending message 105 to peer 0x519020 (50 bytes)
1754625279.480974 sending message 105 to peer 0x519020 (38 bytes)
1754625279.480975 sending message 105 to peer 0x519020 (19 bytes)
1754625279.480977 sending message 105 to peer 0x519020 (16 bytes)
1754625279.480978 sending message 105 to peer 0x519020 (27 bytes)
1754625279.480979 sending message 105 to peer 0x519020 (12 bytes)
1754625279.480981 sending message 105 to peer 0x519020 (23 bytes)
1754625279.480982 sending message 105 to peer 0x519020 (27 bytes)
1754625279.480984 sending message 105 to peer 0x519020 (30 bytes)
1754625279.480985 sending message 105 to peer 0x519020 (21 bytes)
1754625279.480987 sending message 105 to peer 0x519020 (15 bytes)
1754625279.480988 sending message 105 to peer 0x519020 (85 bytes)
1754625279.480990 sending message 105 to peer 0x519020 (261 bytes)
1754625279.480991 sending message 105 to peer 0x519020 (18 bytes)
1754625279.480992 sending message 105 to peer 0x519020 (26 bytes)
1754625279.480994 sending message 105 to peer 0x519020 (26 bytes)
1754625279.480995 sending message 105 to peer 0x519020 (29 bytes)
1754625279.480997 sending message 105 to peer 0x519020 (36 bytes)
1754625279.480998 sending message 105 to peer 0x519020 (13 bytes)
1754625279.481000 sending message 105 to peer 0x519020 (20 bytes)
1754625279.481001 sending message 105 to peer 0x519020 (11 bytes)
1754625279.481003 sending message 105 to peer 0x519020 (15 bytes)
1754625279.481004 sending message 105 to peer 0x519020 (12 bytes)
1754625279.481006 sending message 105 to peer 0x519020 (26 bytes)
1754625279.481007 sending message 105 to peer 0x519020 (26 bytes)
1754625279.481009 sending message 105 to peer 0x519020 (17 bytes)
1754625279.481010 sending message 105 to peer 0x519020 (570 bytes)
1754625279.481012 sending message 105 to peer 0x519020 (16 bytes)
1754625279.481013 sending message 105 to peer 0x519020 (36 bytes)
1754625279.481015 sending message 105 to peer 0x519020 (20 bytes)
1754625279.481016 sending message 105 to peer 0x519020 (230 bytes)
1754625279.481017 sending message 105 to peer 0x519020 (29 bytes)
1754625279.481019 sending message 105 to peer 0x519020 (332 bytes)
1754625279.481020 sending message 105 to peer 0x519020 (31 bytes)
1754625279.481022 sending message 105 to peer 0x519020 (15 bytes)
1754625279.481023 sending message 105 to peer 0x519020 (23 bytes)
1754625279.481025 sending message 105 to peer 0x519020 (29 bytes)
1754625279.481026 sending message 105 to peer 0x519020 (17 bytes)
1754625279.481028 sending message 105 to peer 0x519020 (25 bytes)
1754625279.481029 sending message 105 to peer 0x519020 (11 bytes)
1754625279.481030 sending message 105 to peer 0x519020 (36 bytes)
1754625279.481032 sending message 105 to peer 0x519020 (30 bytes)
1754625279.481033 sending message 105 to peer 0x519020 (21 bytes)
1754625279.481035 sending message 105 to peer 0x519020 (25 bytes)
1754625279.481036 sending message 105 to peer 0x519020 (29 bytes)
1754625279.481038 sending message 105 to peer 0x519020 (31 bytes)
1754625279.481039 sending message 105 to peer 0x519020 (19 bytes)
1754625279.481043 sending message 105 to peer 0x519020 (320 bytes)
1754625279.481045 sending message 105 to peer 0x519020 (371 bytes)
1754625279.481046 sending message 105 to peer 0x519020 (73 bytes)
1754625279.481048 sending message 105 to peer 0x519020 (12 bytes)
1754625279.481049 sending message 105 to peer 0x519020 (16 bytes)
1754625279.481050 sending message 105 to peer 0x519020 (16 bytes)
1754625279.481052 sending message 105 to peer 0x519020 (26 bytes)
1754625279.481053 sending message 105 to peer 0x519020 (17 bytes)
1754625279.481055 sending message 105 to peer 0x519020 (27 bytes)
1754625279.481056 sending message 105 to peer 0x519020 (14 bytes)
1754625279.481058 sending message 105 to peer 0x519020 (24 bytes)
1754625279.481059 sending message 105 to peer 0x519020 (18 bytes)
1754625279.481061 sending message 105 to peer 0x519020 (28 bytes)
1754625279.481062 sending message 105 to peer 0x519020 (9 bytes)
1754625279.481064 sending message 105 to peer 0x519020 (16 bytes)
1754625279.481065 sending message 105 to peer 0x519020 (25 bytes)
1754625279.481066 sending message 105 to peer 0x519020 (12 bytes)
1754625279.481068 sending message 105 to peer 0x519020 (19 bytes)
1754625279.481069 sending message 105 to peer 0x519020 (45 bytes)
1754625279.481071 sending message 105 to peer 0x519020 (12 bytes)
1754625279.481072 sending message 105 to peer 0x519020 (9 bytes)
1754625279.481074 sending message 105 to peer 0x519020 (18 bytes)
1754625279.481075 sending message 105 to peer 0x519020 (19 bytes)
1754625279.481076 sending message 105 to peer 0x519020 (23 bytes)
1754625279.481078 sending message 105 to peer 0x519020 (29 bytes)
1754625279.481079 sending message 105 to peer 0x519020 (71 bytes)
1754625279.481081 sending message 105 to peer 0x519020 (755 bytes)
1754625279.481082 sending message 105 to peer 0x519020 (64 bytes)
1754625279.481084 sending message 105 to peer 0x519020 (12 bytes)
1754625279.481085 sending message 105 to peer 0x519020 (20 bytes)
1754625279.481087 sending message 105 to peer 0x519020 (19 bytes)
1754625279.481088 sending message 106 to peer 0x519020 (0 bytes)
1754625279.481124 sending message 200 to peer 0x519020 (4 bytes)
1754625279.481126 client loop enter
1754625279.482217 peer 0x519020 message 303
1754625279.482243 open write file 2 -
1754625279.482248 sending message 305 to peer 0x519020 (8 bytes)
1754625279.482259 write check file 2
1754625279.482379 peer 0x519020 message 304
1754625279.482383 write 58 to file 2
1754625279.482392 peer 0x519020 message 203
1754625279.482394 file 2 58 bytes left
1754625279.482409 write check file 2
1754625279.482412 client loop exit
